DEPRECATION WARNING: ActionController::Base.cookie_verifier_secret= is deprecated. Please configure it on your application with config.secret_token=. (called from /Users/kellyfarrell/Sites/brainstormer/config/initializers/cookie_verification_secret.rb:7)
DEPRECATION WARNING: ActionController::Base.cookie_verifier_secret= is deprecated. Please configure it on your application with config.secret_token=. (called from /Users/kellyfarrell/Sites/brainstormer/config/initializers/cookie_verification_secret.rb:7)
DEPRECATION WARNING: ActionController::Base.cookie_verifier_secret= is deprecated. Please configure it on your application with config.secret_token=. (called from /Users/kellyfarrell/Sites/brainstormer/config/initializers/cookie_verification_secret.rb:7)


Started GET "/ideas" for 127.0.0.1 at Fri Jan 28 18:03:45 -0500 2011

ActionController::RoutingError (No route matches "/ideas"):
  actionpack (3.0.3) lib/action_dispatch/middleware/show_exceptions.rb:53:in `call'
  railties (3.0.3) lib/rails/rack/logger.rb:13:in `call'
  rack (1.2.1) lib/rack/runtime.rb:17:in `call'
  activesupport (3.0.3) lib/active_support/cache/strategy/local_cache.rb:72:in `call'
  rack (1.2.1) lib/rack/lock.rb:11:in `call'
  rack (1.2.1) lib/rack/lock.rb:11:in `synchronize'
  rack (1.2.1) lib/rack/lock.rb:11:in `call'
  actionpack (3.0.3) lib/action_dispatch/middleware/static.rb:30:in `call'
  railties (3.0.3) lib/rails/application.rb:168:in `call'
  railties (3.0.3) lib/rails/application.rb:77:in `send'
  railties (3.0.3) lib/rails/application.rb:77:in `method_missing'
  railties (3.0.3) lib/rails/rack/log_tailer.rb:14:in `call'
  rack (1.2.1) lib/rack/content_length.rb:13:in `call'
  rack (1.2.1) lib/rack/handler/webrick.rb:52:in `service'
  /System/Library/Frameworks/Ruby.framework/Versions/1.8/usr/lib/ruby/1.8/webrick/httpserver.rb:104:in `service'
  /System/Library/Frameworks/Ruby.framework/Versions/1.8/usr/lib/ruby/1.8/webrick/httpserver.rb:65:in `run'
  /System/Library/Frameworks/Ruby.framework/Versions/1.8/usr/lib/ruby/1.8/webrick/server.rb:173:in `start_thread'
  /System/Library/Frameworks/Ruby.framework/Versions/1.8/usr/lib/ruby/1.8/webrick/server.rb:162:in `start'
  /System/Library/Frameworks/Ruby.framework/Versions/1.8/usr/lib/ruby/1.8/webrick/server.rb:162:in `start_thread'
  /System/Library/Frameworks/Ruby.framework/Versions/1.8/usr/lib/ruby/1.8/webrick/server.rb:95:in `start'
  /System/Library/Frameworks/Ruby.framework/Versions/1.8/usr/lib/ruby/1.8/webrick/server.rb:92:in `each'
  /System/Library/Frameworks/Ruby.framework/Versions/1.8/usr/lib/ruby/1.8/webrick/server.rb:92:in `start'
  /System/Library/Frameworks/Ruby.framework/Versions/1.8/usr/lib/ruby/1.8/webrick/server.rb:23:in `start'
  /System/Library/Frameworks/Ruby.framework/Versions/1.8/usr/lib/ruby/1.8/webrick/server.rb:82:in `start'
  rack (1.2.1) lib/rack/handler/webrick.rb:13:in `run'
  rack (1.2.1) lib/rack/server.rb:213:in `start'
  railties (3.0.3) lib/rails/commands/server.rb:65:in `start'
  railties (3.0.3) lib/rails/commands.rb:30
  railties (3.0.3) lib/rails/commands.rb:27:in `tap'
  railties (3.0.3) lib/rails/commands.rb:27
  script/rails:6:in `require'
  script/rails:6

Rendered /Library/Ruby/Gems/1.8/gems/actionpack-3.0.3/lib/action_dispatch/middleware/templates/rescues/routing_error.erb within rescues/layout (0.9ms)


Started GET "/" for 127.0.0.1 at Fri Jan 28 18:04:20 -0500 2011
  Processing by IdeasController#index as HTML
DEPRECATION WARNING: Base.named_scope has been deprecated, please use Base.scope instead. (called from /Users/kellyfarrell/Sites/brainstormer/app/models/idea.rb:2)
  [1m[36mIdea Load (0.4ms)[0m  [1mSELECT `ideas`.* FROM `ideas` WHERE (parent_id IS NULL)[0m
  [1m[35mIdea Load (0.4ms)[0m  SELECT `ideas`.* FROM `ideas` WHERE (parent_id = 1)
Rendered ideas/_idea.haml (18.3ms)
  [1m[36mIdea Load (0.4ms)[0m  [1mSELECT `ideas`.* FROM `ideas` WHERE (parent_id = 2)[0m
  [1m[35mIdea Load (0.3ms)[0m  SELECT `ideas`.* FROM `ideas` WHERE (parent_id = 7)
Rendered ideas/_idea.haml (5.5ms)
Rendered ideas/_idea.haml (12.7ms)
  [1m[36mIdea Load (0.3ms)[0m  [1mSELECT `ideas`.* FROM `ideas` WHERE (parent_id = 3)[0m
Rendered ideas/_idea.haml (5.3ms)
  [1m[35mIdea Load (0.3ms)[0m  SELECT `ideas`.* FROM `ideas` WHERE (parent_id = 4)
Rendered ideas/_idea.haml (5.2ms)
  [1m[36mIdea Load (0.3ms)[0m  [1mSELECT `ideas`.* FROM `ideas` WHERE (parent_id = 6)[0m
  [1m[35mIdea Load (0.3ms)[0m  SELECT `ideas`.* FROM `ideas` WHERE (parent_id = 5)
Rendered ideas/_idea.haml (5.3ms)
  [1m[36mIdea Load (0.4ms)[0m  [1mSELECT `ideas`.* FROM `ideas` WHERE (parent_id = 10)[0m
Rendered ideas/_idea.haml (5.7ms)
Rendered ideas/_idea.haml (19.2ms)
  [1m[35mIdea Load (0.3ms)[0m  SELECT `ideas`.* FROM `ideas` WHERE (parent_id = 8)
  [1m[36mIdea Load (0.3ms)[0m  [1mSELECT `ideas`.* FROM `ideas` WHERE (parent_id = 9)[0m
Rendered ideas/_idea.haml (4.9ms)
Rendered ideas/_idea.haml (11.7ms)
Rendered ideas/index.haml within layouts/ideas (88.0ms)
Completed 200 OK in 178ms (Views: 89.8ms | ActiveRecord: 3.7ms)


Started GET "/ideas/10/edit" for 127.0.0.1 at Fri Jan 28 18:04:24 -0500 2011
  Processing by IdeasController#edit as HTML
  Parameters: {"id"=>"10"}
DEPRECATION WARNING: Base.named_scope has been deprecated, please use Base.scope instead. (called from /Users/kellyfarrell/Sites/brainstormer/app/models/idea.rb:2)
  [1m[35mSQL (43.9ms)[0m  SHOW TABLES
  [1m[36mIdea Load (0.7ms)[0m  [1mSELECT `ideas`.* FROM `ideas` WHERE (`ideas`.`id` = 10) LIMIT 1[0m
DEPRECATION WARNING: f.error_messages was removed from Rails and is now available as a plugin. Please install it with `rails plugin install git://github.com/rails/dynamic_form.git`. (called from _app_views_ideas_edit_html_erb___409381577_2177586280_0 at /Users/kellyfarrell/Sites/brainstormer/app/views/ideas/edit.html.erb:4)
DEPRECATION WARNING: <% %> style block helpers are deprecated. Please use <%= %>. (called from _app_views_ideas_edit_html_erb___409381577_2177586280_0 at /Users/kellyfarrell/Sites/brainstormer/app/views/ideas/edit.html.erb:3)
Rendered ideas/edit.html.erb within layouts/ideas (14.3ms)
Completed 200 OK in 71ms (Views: 19.1ms | ActiveRecord: 44.6ms)


Started POST "/ideas/update_parent/5/10" for 127.0.0.1 at Fri Jan 28 18:04:45 -0500 2011
  Processing by IdeasController#update_parent as */*
  Parameters: {"id"=>"5", "parent_id"=>"10"}
DEPRECATION WARNING: Base.named_scope has been deprecated, please use Base.scope instead. (called from /Users/kellyfarrell/Sites/brainstormer/app/models/idea.rb:2)
  [1m[35mIdea Load (346.4ms)[0m  SELECT `ideas`.* FROM `ideas` WHERE (`ideas`.`id` = 5) LIMIT 1
  [1m[36mSQL (0.1ms)[0m  [1mBEGIN[0m
  [1m[35mAREL (0.3ms)[0m  UPDATE `ideas` SET `parent_id` = 10, `updated_at` = '2011-01-28 23:04:45' WHERE (`ideas`.`id` = 5)
  [1m[36mSQL (0.4ms)[0m  [1mCOMMIT[0m
Rendered text template (0.0ms)
Completed 200 OK in 366ms (Views: 1.6ms | ActiveRecord: 347.1ms)


Started GET "/" for 127.0.0.1 at Fri Jan 28 18:04:51 -0500 2011
  Processing by IdeasController#index as HTML
DEPRECATION WARNING: Base.named_scope has been deprecated, please use Base.scope instead. (called from /Users/kellyfarrell/Sites/brainstormer/app/models/idea.rb:2)
  [1m[35mIdea Load (0.3ms)[0m  SELECT `ideas`.* FROM `ideas` WHERE (parent_id IS NULL)
  [1m[36mIdea Load (0.4ms)[0m  [1mSELECT `ideas`.* FROM `ideas` WHERE (parent_id = 1)[0m
Rendered ideas/_idea.haml (12.1ms)
  [1m[35mIdea Load (0.3ms)[0m  SELECT `ideas`.* FROM `ideas` WHERE (parent_id = 2)
  [1m[36mIdea Load (0.3ms)[0m  [1mSELECT `ideas`.* FROM `ideas` WHERE (parent_id = 7)[0m
Rendered ideas/_idea.haml (5.5ms)
Rendered ideas/_idea.haml (13.4ms)
  [1m[35mIdea Load (0.3ms)[0m  SELECT `ideas`.* FROM `ideas` WHERE (parent_id = 3)
Rendered ideas/_idea.haml (5.2ms)
  [1m[36mIdea Load (0.3ms)[0m  [1mSELECT `ideas`.* FROM `ideas` WHERE (parent_id = 4)[0m
Rendered ideas/_idea.haml (5.1ms)
  [1m[35mIdea Load (0.3ms)[0m  SELECT `ideas`.* FROM `ideas` WHERE (parent_id = 6)
  [1m[36mIdea Load (0.3ms)[0m  [1mSELECT `ideas`.* FROM `ideas` WHERE (parent_id = 10)[0m
  [1m[35mIdea Load (0.3ms)[0m  SELECT `ideas`.* FROM `ideas` WHERE (parent_id = 5)
Rendered ideas/_idea.haml (5.5ms)
Rendered ideas/_idea.haml (12.5ms)
Rendered ideas/_idea.haml (19.4ms)
  [1m[36mIdea Load (0.3ms)[0m  [1mSELECT `ideas`.* FROM `ideas` WHERE (parent_id = 8)[0m
  [1m[35mIdea Load (0.3ms)[0m  SELECT `ideas`.* FROM `ideas` WHERE (parent_id = 9)
Rendered ideas/_idea.haml (5.5ms)
Rendered ideas/_idea.haml (12.4ms)
Rendered ideas/index.haml within layouts/ideas (144.3ms)
Completed 200 OK in 154ms (Views: 145.3ms | ActiveRecord: 3.6ms)


Started POST "/ideas/update_parent/4/undefined" for 127.0.0.1 at Fri Jan 28 18:04:55 -0500 2011
  Processing by IdeasController#update_parent as */*
  Parameters: {"id"=>"4", "parent_id"=>"undefined"}
DEPRECATION WARNING: Base.named_scope has been deprecated, please use Base.scope instead. (called from /Users/kellyfarrell/Sites/brainstormer/app/models/idea.rb:2)
  [1m[36mIdea Load (0.2ms)[0m  [1mSELECT `ideas`.* FROM `ideas` WHERE (`ideas`.`id` = 4) LIMIT 1[0m
  [1m[35mSQL (0.1ms)[0m  BEGIN
  [1m[36mSQL (0.2ms)[0m  [1mCOMMIT[0m
Rendered text template (0.0ms)
Completed 200 OK in 86ms (Views: 1.0ms | ActiveRecord: 0.5ms)


Started GET "/" for 127.0.0.1 at Fri Jan 28 18:05:01 -0500 2011
  Processing by IdeasController#index as HTML
DEPRECATION WARNING: Base.named_scope has been deprecated, please use Base.scope instead. (called from /Users/kellyfarrell/Sites/brainstormer/app/models/idea.rb:2)
  [1m[35mIdea Load (0.4ms)[0m  SELECT `ideas`.* FROM `ideas` WHERE (parent_id IS NULL)
  [1m[36mIdea Load (0.3ms)[0m  [1mSELECT `ideas`.* FROM `ideas` WHERE (parent_id = 1)[0m
Rendered ideas/_idea.haml (11.3ms)
  [1m[35mIdea Load (0.3ms)[0m  SELECT `ideas`.* FROM `ideas` WHERE (parent_id = 2)
  [1m[36mIdea Load (0.3ms)[0m  [1mSELECT `ideas`.* FROM `ideas` WHERE (parent_id = 7)[0m
Rendered ideas/_idea.haml (5.4ms)
Rendered ideas/_idea.haml (13.0ms)
  [1m[35mIdea Load (0.3ms)[0m  SELECT `ideas`.* FROM `ideas` WHERE (parent_id = 3)
Rendered ideas/_idea.haml (5.4ms)
  [1m[36mIdea Load (0.4ms)[0m  [1mSELECT `ideas`.* FROM `ideas` WHERE (parent_id = 4)[0m
Rendered ideas/_idea.haml (5.9ms)
  [1m[35mIdea Load (0.3ms)[0m  SELECT `ideas`.* FROM `ideas` WHERE (parent_id = 6)
  [1m[36mIdea Load (0.3ms)[0m  [1mSELECT `ideas`.* FROM `ideas` WHERE (parent_id = 10)[0m
  [1m[35mIdea Load (0.3ms)[0m  SELECT `ideas`.* FROM `ideas` WHERE (parent_id = 5)
Rendered ideas/_idea.haml (5.3ms)
Rendered ideas/_idea.haml (12.5ms)
Rendered ideas/_idea.haml (19.1ms)
  [1m[36mIdea Load (0.3ms)[0m  [1mSELECT `ideas`.* FROM `ideas` WHERE (parent_id = 8)[0m
  [1m[35mIdea Load (0.3ms)[0m  SELECT `ideas`.* FROM `ideas` WHERE (parent_id = 9)
Rendered ideas/_idea.haml (5.5ms)
Rendered ideas/_idea.haml (12.7ms)
Rendered ideas/index.haml within layouts/ideas (82.7ms)
Completed 200 OK in 92ms (Views: 83.4ms | ActiveRecord: 3.7ms)
DEPRECATION WARNING: ActionController::Base.cookie_verifier_secret= is deprecated. Please configure it on your application with config.secret_token=. (called from /Users/kellyfarrell/Sites/brainstormer/config/initializers/cookie_verification_secret.rb:7)
DEPRECATION WARNING: ActionController::Base.cookie_verifier_secret= is deprecated. Please configure it on your application with config.secret_token=. (called from /Users/kellyfarrell/Sites/brainstormer/config/initializers/cookie_verification_secret.rb:7)
